<?xml version="1.0" encoding="UTF-8"?>
<!-- Generated by org.testng.reporters.JUnitReportReporter -->
<testsuite hostname="YI1004039LT" failures="0" tests="1" name="tests.NewTest" time="8.215" errors="0" timestamp="19 Mar 2018 09:29:31 GMT">
  <testcase classname="tests.NewTest" name="openMyBlog" time="8.215"/>
</testsuite> <!-- tests.NewTest -->
